<?xml version="1.0" encoding="UTF-8"?>
<!-- Generated by org.testng.reporters.JUnitReportReporter -->
<testsuite skipped="0" hostname="DESKTOP-HDR1RMU" name="computers.TC_ID_040" tests="1" failures="0" timestamp="2022-03-01T20:59:39 EST" time="18.278" errors="0">
  <testcase name="removeproduct" time="18.278" classname="computers.TC_ID_040"/>
  <system-out/>
</testsuite> <!-- computers.TC_ID_040 -->
