<?xml version="1.0" encoding="UTF-8"?>
<!-- Generated by org.testng.reporters.JUnitReportReporter -->
<testsuite skipped="0" hostname="DESKTOP-HDR1RMU" name="computers.TC_ID_039" tests="1" failures="0" timestamp="2022-03-02T08:28:32 EST" time="8.905" errors="0">
  <testcase name="addwishlist" time="8.905" classname="computers.TC_ID_039"/>
  <system-out/>
</testsuite> <!-- computers.TC_ID_039 -->
