<?xml version="1.0" encoding="UTF-8"?>
<!-- Generated by org.testng.reporters.JUnitReportReporter -->
<testsuite skipped="0" hostname="DESKTOP-HDR1RMU" name="computers.SampleTestCase" tests="1" failures="0" timestamp="2022-02-28T05:32:20 EST" time="5.259" errors="0">
  <testcase name="sample" time="5.259" classname="computers.SampleTestCase"/>
  <system-out/>
</testsuite> <!-- computers.SampleTestCase -->
