<?xml version="1.0" encoding="UTF-8"?>
<!-- Generated by org.testng.reporters.JUnitReportReporter -->
<testsuite skipped="0" hostname="DESKTOP-HDR1RMU" name="computers.TC_ID_038" tests="1" failures="0" timestamp="2022-03-02T23:21:54 EST" time="5.991" errors="0">
  <testcase name="addcart" time="5.991" classname="computers.TC_ID_038"/>
  <system-out>
ApperalShoes page should be displayed Jeans page should be displayed  </system-out>
</testsuite> <!-- computers.TC_ID_038 -->
